
1월 31, 2023 10:36:09.34 NEW SESSION
1월 31, 2023 10:36:09.34 [16632:13480:0131/103609.032:ERROR:device_event_log_impl.cc(215)] [10:36:09.032] Bluetooth: bluetooth_adapter_winrt.cc:1074 Getting Default Adapter failed.
1월 31, 2023 10:37:06.51 [16632:16604:0131/103706.050:ERROR:util.cc(134)] Can't create base directory: C:\Program Files\Google\GoogleUpdater
1월 31, 2023 10:41:53.704 [17836:20476:0131/104153.704:ERROR:device_event_log_impl.cc(215)] [10:41:53.703] Bluetooth: bluetooth_adapter_winrt.cc:1074 Getting Default Adapter failed.
1월 31, 2023 10:42:51.339 [17836:4496:0131/104251.339:ERROR:util.cc(134)] Can't create base directory: C:\Program Files\Google\GoogleUpdater
1월 31, 2023 11:27:14.147 [libprotobuf ERROR ..\..\third_party\protobuf\src\google\protobuf\message_lite.cc:133] Can't parse message of type "safe_browsing.ClientDownloadRequest" because it is missing required fields: (cannot determine missing fields for lite message)
1월 31, 2023 11:31:26.826 [libprotobuf ERROR ..\..\third_party\protobuf\src\google\protobuf\message_lite.cc:133] Can't parse message of type "safe_browsing.ClientDownloadRequest" because it is missing required fields: (cannot determine missing fields for lite message)
1월 31, 2023 11:51:26.672 [20968:24288:0131/115126.671:ERROR:device_event_log_impl.cc(215)] [11:51:26.671] Bluetooth: bluetooth_adapter_winrt.cc:1074 Getting Default Adapter failed.
1월 31, 2023 11:52:23.339 [20968:2728:0131/115223.338:ERROR:util.cc(134)] Can't create base directory: C:\Program Files\Google\GoogleUpdater
1월 31, 2023 11:55:09.747 [6588:23616:0131/115509.746:ERROR:device_event_log_impl.cc(215)] [11:55:09.746] Bluetooth: bluetooth_adapter_winrt.cc:1074 Getting Default Adapter failed.
1월 31, 2023 11:56:07.02 [6588:17508:0131/115607.001:ERROR:util.cc(134)] Can't create base directory: C:\Program Files\Google\GoogleUpdater
1월 31, 2023 12:26:17.409 [25500:25796:0131/122617.409:ERROR:device_event_log_impl.cc(215)] [12:26:17.410] Bluetooth: bluetooth_adapter_winrt.cc:1074 Getting Default Adapter failed.
1월 31, 2023 12:27:14.379 [25500:17724:0131/122714.378:ERROR:util.cc(134)] Can't create base directory: C:\Program Files\Google\GoogleUpdater
1월 31, 2023 12:30:37.46 [25952:25832:0131/123037.046:ERROR:device_event_log_impl.cc(215)] [12:30:37.046] Bluetooth: bluetooth_adapter_winrt.cc:1074 Getting Default Adapter failed.
1월 31, 2023 12:31:34.01 [25952:15240:0131/123134.001:ERROR:util.cc(134)] Can't create base directory: C:\Program Files\Google\GoogleUpdater
1월 31, 2023 14:07:43.95 [19804:21876:0131/140743.095:ERROR:device_event_log_impl.cc(215)] [14:07:43.094] Bluetooth: bluetooth_adapter_winrt.cc:1074 Getting Default Adapter failed.
1월 31, 2023 14:08:09.871 [13168:12632:0131/140809.870:ERROR:device_event_log_impl.cc(215)] [14:08:09.870] Bluetooth: bluetooth_adapter_winrt.cc:1074 Getting Default Adapter failed.
1월 31, 2023 14:09:06.394 [13168:18664:0131/140906.394:ERROR:util.cc(134)] Can't create base directory: C:\Program Files\Google\GoogleUpdater
1월 31, 2023 14:15:03.185 [25192:18856:0131/141503.184:ERROR:device_event_log_impl.cc(215)] [14:15:03.184] Bluetooth: bluetooth_adapter_winrt.cc:1074 Getting Default Adapter failed.
1월 31, 2023 14:16:00.218 [25192:26276:0131/141600.218:ERROR:util.cc(134)] Can't create base directory: C:\Program Files\Google\GoogleUpdater
1월 31, 2023 14:19:20.540 [8512:8952:0131/141920.540:ERROR:device_event_log_impl.cc(215)] [14:19:20.540] Bluetooth: bluetooth_adapter_winrt.cc:1074 Getting Default Adapter failed.
1월 31, 2023 14:20:53.74 [19732:11952:0131/142053.074:ERROR:device_event_log_impl.cc(215)] [14:20:53.074] Bluetooth: bluetooth_adapter_winrt.cc:1074 Getting Default Adapter failed.
1월 31, 2023 14:21:50.658 [19732:5912:0131/142150.657:ERROR:util.cc(134)] Can't create base directory: C:\Program Files\Google\GoogleUpdater
1월 31, 2023 14:47:54.300 [18832:8184:0131/144754.300:ERROR:device_event_log_impl.cc(215)] [14:47:54.300] Bluetooth: bluetooth_adapter_winrt.cc:1074 Getting Default Adapter failed.
1월 31, 2023 14:48:51.274 [18832:19344:0131/144851.273:ERROR:util.cc(134)] Can't create base directory: C:\Program Files\Google\GoogleUpdater
1월 31, 2023 15:00:29.238 [500:26316:0131/150029.237:ERROR:device_event_log_impl.cc(215)] [15:00:29.237] Bluetooth: bluetooth_adapter_winrt.cc:1074 Getting Default Adapter failed.
1월 31, 2023 15:01:26.434 [500:24584:0131/150126.433:ERROR:util.cc(134)] Can't create base directory: C:\Program Files\Google\GoogleUpdater
1월 31, 2023 15:14:11.105 [6096:12108:0131/151411.105:ERROR:device_event_log_impl.cc(215)] [15:14:11.106] Bluetooth: bluetooth_adapter_winrt.cc:1074 Getting Default Adapter failed.
1월 31, 2023 15:15:07.844 [6096:22148:0131/151507.843:ERROR:util.cc(134)] Can't create base directory: C:\Program Files\Google\GoogleUpdater
1월 31, 2023 15:30:43.506 [22668:16804:0131/153043.505:ERROR:device_event_log_impl.cc(215)] [15:30:43.506] Bluetooth: bluetooth_adapter_winrt.cc:1074 Getting Default Adapter failed.
1월 31, 2023 15:31:40.354 [22668:19204:0131/153140.353:ERROR:util.cc(134)] Can't create base directory: C:\Program Files\Google\GoogleUpdater
1월 31, 2023 15:42:17.796 [22668:16804:0131/154217.795:ERROR:device_event_log_impl.cc(215)] [15:42:17.795] USB: usb_service_win.cc:104 SetupDiGetDeviceProperty({{A45C254E-DF1C-4EFD-8020-67D146A850E0}, 6}) failed: 요소가 없습니다. (0x490)

2월 01, 2023 09:24:40.960 NEW SESSION
2월 01, 2023 09:24:40.960 [10580:24376:0201/092440.958:ERROR:device_event_log_impl.cc(215)] [09:24:40.958] Bluetooth: bluetooth_adapter_winrt.cc:1074 Getting Default Adapter failed.
2월 01, 2023 09:25:38.637 [10580:1728:0201/092538.636:ERROR:util.cc(134)] Can't create base directory: C:\Program Files\Google\GoogleUpdater

2월 06, 2023 10:52:12.417 NEW SESSION
2월 06, 2023 10:52:12.418 [17128:21288:0206/105212.415:ERROR:device_event_log_impl.cc(215)] [10:52:12.416] Bluetooth: bluetooth_adapter_winrt.cc:1074 Getting Default Adapter failed.
2월 06, 2023 10:53:09.870 [17128:20528:0206/105309.869:ERROR:util.cc(134)] Can't create base directory: C:\Program Files\Google\GoogleUpdater
